2022-10-11 23:24:40,023 INFO c.i.v.UserView [main]  Enter 1 for add user
 Enter 2 for remove user
 Enter 3 for display the user
 Enter 4 for update the user
 Enter 5 for search 
2022-10-12 11:01:26,579 INFO c.i.v.UserView [main]  Enter 1 for add user
 Enter 2 for remove user
 Enter 3 for display the user
 Enter 4 for update the user
 Enter 5 for search 
2022-10-12 12:06:03,709 INFO c.i.v.UserView [main]  Enter 1 for add user
 Enter 2 for remove user
 Enter 3 for display the user
 Enter 4 for update the user
 Enter 5 for search 
2022-10-12 12:07:25,085 INFO c.i.v.UserView [main]   Enter 1 for add user
 Enter 2 for remove user
 Enter 3 for display the user
 Enter 4 for update the user
 Enter 5 for search 
2022-10-12 12:15:12,724 INFO c.i.v.UserView [main]   Enter 1 for add user
 Enter 2 for remove user
 Enter 3 for display the user
 Enter 4 for update the user
 Enter 5 for search 
2022-10-12 12:15:24,023 INFO c.i.v.UserView [main] Enter the account name you want to remove
2022-10-12 12:15:48,851 INFO c.i.v.UserView [main] Enter the password of your account
2022-10-12 12:16:05,086 INFO c.i.v.UserView [main] Entered invalid data
2022-10-12 12:16:17,016 INFO c.i.v.UserView [main]   Enter 1 for add user
 Enter 2 for remove user
 Enter 3 for display the user
 Enter 4 for update the user
 Enter 5 for search 
2022-10-12 12:16:20,128 INFO c.i.v.UserView [main] Enter the account name you want to remove
2022-10-12 12:16:32,435 INFO c.i.v.UserView [main] Enter the password of your account
2022-10-12 12:16:37,180 INFO c.i.v.UserView [main] Entered invalid data
2022-10-12 12:19:18,658 INFO c.i.v.UserView [main]   Enter 1 for add user
 Enter 2 for remove user
 Enter 3 for display the user
 Enter 4 for update the user
 Enter 5 for search 
2022-10-12 12:20:18,399 INFO c.i.v.UserView [main]   Enter 1 for add user
 Enter 2 for remove user
 Enter 3 for display the user
 Enter 4 for update the user
 Enter 5 for search 
2022-10-12 12:20:57,141 INFO c.i.v.UserView [main]   Enter 1 for add user
 Enter 2 for remove user
 Enter 3 for display the user
 Enter 4 for update the user
 Enter 5 for search 
2022-10-12 12:21:07,497 INFO c.i.v.UserView [main] Enter the account name you want to remove
2022-10-12 12:21:15,117 INFO c.i.v.UserView [main] Enter the password of your account
2022-10-12 12:21:28,654 INFO c.i.v.UserView [main] Entered invalid data
2022-10-12 12:21:32,163 INFO c.i.v.UserView [main]   Enter 1 for add user
 Enter 2 for remove user
 Enter 3 for display the user
 Enter 4 for update the user
 Enter 5 for search 
2022-10-12 15:06:57,253 INFO c.i.v.UserView [main]  Enter 1 for add user
 Enter 2 for remove user
 Enter 3 for display the user
 Enter 4 for update the user
 Enter 5 for search 
2022-10-12 15:07:05,994 INFO c.i.v.UserView [main] Create the Account Name
2022-10-12 15:07:14,030 INFO c.i.v.UserView [main] Enter the FirstName
2022-10-12 15:07:24,680 INFO c.i.v.UserView [main] Entered wrong format try again
2022-10-12 15:07:24,682 INFO c.i.v.UserView [main] Enter the FirstName
2022-10-12 15:07:38,087 INFO c.i.v.UserView [main] Enter the LastName
2022-10-12 15:07:43,512 INFO c.i.v.UserView [main] Enter the Mobile Number
2022-10-12 15:07:54,463 INFO c.i.v.UserView [main] Create the Password
2022-10-12 15:07:54,464 INFO c.i.v.UserView [main] Entered wrong format try again
2022-10-12 15:07:54,466 INFO c.i.v.UserView [main] Create the Password
2022-10-12 15:08:19,048 INFO c.i.v.UserView [main] Account created sucessfully
2022-10-12 15:08:27,794 INFO c.i.v.UserView [main]   Enter 1 for add user
 Enter 2 for remove user
 Enter 3 for display the user
 Enter 4 for update the user
 Enter 5 for search 
2022-10-12 15:08:31,583 INFO c.i.v.UserView [main] Create the Account Name
2022-10-12 15:08:50,496 INFO c.i.v.UserView [main] Enter the FirstName
2022-10-12 15:08:55,133 INFO c.i.v.UserView [main] Enter the LastName
2022-10-12 15:08:59,769 INFO c.i.v.UserView [main] Enter the Mobile Number
2022-10-12 15:09:08,317 INFO c.i.v.UserView [main] Create the Password
2022-10-12 15:09:08,320 INFO c.i.v.UserView [main] Entered wrong format try again
2022-10-12 15:09:08,322 INFO c.i.v.UserView [main] Create the Password
2022-10-12 15:17:46,404 INFO c.i.v.UserView [main]  Enter 1 for add user
 Enter 2 for remove user
 Enter 3 for display the user
 Enter 4 for update the user
 Enter 5 for search 
2022-10-12 15:17:49,009 INFO c.i.v.UserView [main] Create the Account Name
2022-10-12 15:17:54,786 INFO c.i.v.UserView [main] Enter the FirstName
2022-10-12 15:17:59,852 INFO c.i.v.UserView [main] Enter the LastName
2022-10-12 15:18:05,367 INFO c.i.v.UserView [main] Enter the Mobile Number
2022-10-12 15:18:19,332 INFO c.i.v.UserView [main] Create the Password
2022-10-12 15:18:19,336 INFO c.i.v.UserView [main] Entered wrong format try again
2022-10-12 15:18:19,338 INFO c.i.v.UserView [main] Create the Password
2022-10-12 15:19:10,531 INFO c.i.v.UserView [main]  Enter 1 for add user
 Enter 2 for remove user
 Enter 3 for display the user
 Enter 4 for update the user
 Enter 5 for search 
2022-10-12 15:19:14,255 INFO c.i.v.UserView [main] Create the Account Name
2022-10-12 15:19:22,656 INFO c.i.v.UserView [main] Enter the FirstName
2022-10-12 15:19:32,703 INFO c.i.v.UserView [main] Enter the LastName
2022-10-12 15:20:28,398 INFO c.i.v.UserView [main] Enter the Mobile Number
2022-10-12 15:20:35,821 INFO c.i.v.UserView [main] Create the Password
2022-10-12 15:20:50,728 INFO c.i.v.UserView [main] Entered wrong format try again
2022-10-12 15:20:50,730 INFO c.i.v.UserView [main] Create the Password
2022-10-12 15:21:06,817 INFO c.i.v.UserView [main] Entered wrong format try again
2022-10-12 15:21:06,820 INFO c.i.v.UserView [main] Create the Password
2022-10-12 15:21:21,460 INFO c.i.v.UserView [main] Entered wrong format try again
2022-10-12 15:21:21,462 INFO c.i.v.UserView [main] Create the Password
2022-10-12 15:21:38,442 INFO c.i.v.UserView [main] Entered wrong format try again
2022-10-12 15:21:38,443 INFO c.i.v.UserView [main] Create the Password
2022-10-12 15:25:46,973 INFO c.i.v.UserView [main]  Enter 1 for add user
 Enter 2 for remove user
 Enter 3 for display the user
 Enter 4 for update the user
 Enter 5 for search 
2022-10-12 15:26:23,909 INFO c.i.v.UserView [main] Create the Account Name
2022-10-12 15:26:29,823 INFO c.i.v.UserView [main] Enter the FirstName
2022-10-12 15:26:36,480 INFO c.i.v.UserView [main] Enter the LastName
2022-10-12 15:26:43,313 INFO c.i.v.UserView [main] Enter the Mobile Number
2022-10-12 15:26:51,596 INFO c.i.v.UserView [main] Create the Password
2022-10-12 15:28:41,624 INFO c.i.v.UserView [main]  Enter 1 for add user
 Enter 2 for remove user
 Enter 3 for display the user
 Enter 4 for update the user
 Enter 5 for search 
2022-10-12 15:28:43,167 INFO c.i.v.UserView [main] Create the Account Name
2022-10-12 15:28:52,307 INFO c.i.v.UserView [main] Enter the FirstName
2022-10-12 15:28:57,991 INFO c.i.v.UserView [main] Enter the LastName
2022-10-12 15:29:08,296 INFO c.i.v.UserView [main] Enter the Mobile Number
2022-10-12 15:29:44,592 INFO c.i.v.UserView [main] Create the Password
2022-10-12 15:29:57,486 INFO c.i.v.UserView [main] Account created sucessfully
2022-10-12 15:32:59,478 INFO c.i.v.UserView [main]  Enter 1 for add user
 Enter 2 for remove user
 Enter 3 for display the user
 Enter 4 for update the user
 Enter 5 for search 
2022-10-12 15:33:02,691 INFO c.i.v.UserView [main] Create the Account Name
2022-10-12 15:33:07,670 INFO c.i.v.UserView [main] Enter the FirstName
2022-10-12 15:33:12,435 INFO c.i.v.UserView [main] Enter the LastName
2022-10-12 15:33:16,813 INFO c.i.v.UserView [main] Enter the Mobile Number
2022-10-12 15:33:23,645 INFO c.i.v.UserView [main] Create the Password
2022-10-12 15:33:32,374 INFO c.i.v.UserView [main] Account created sucessfully
2022-10-12 16:02:09,005 INFO c.i.v.UserView [main]  Enter 1 for add user
 Enter 2 for remove user
 Enter 3 for display the user
 Enter 4 for update the user
 Enter 5 for search 
2022-10-12 16:02:20,866 INFO c.i.v.UserView [main] Create the Account Name
2022-10-12 16:02:27,053 INFO c.i.v.UserView [main] Enter the FirstName
2022-10-12 16:02:32,042 INFO c.i.v.UserView [main] Enter the LastName
2022-10-12 16:02:34,491 INFO c.i.v.UserView [main] Enter the Mobile Number
2022-10-12 16:02:39,265 INFO c.i.v.UserView [main] Create the Password
2022-10-12 16:02:46,847 INFO c.i.v.UserView [main] Account created sucessfully
2022-10-12 16:02:50,241 INFO c.i.v.UserView [main]   Enter 1 for add user
 Enter 2 for remove user
 Enter 3 for display the user
 Enter 4 for update the user
 Enter 5 for search 
2022-10-12 16:02:53,605 INFO c.i.v.UserView [main]   Enter 1 for add user
 Enter 2 for remove user
 Enter 3 for display the user
 Enter 4 for update the user
 Enter 5 for search 
2022-10-12 16:03:04,319 INFO c.i.v.UserView [main] enter account name to update
2022-10-12 16:03:11,580 INFO c.i.v.UserView [main]  Enter 1 for update account name
 Enter 2 for update first name
 Enter 3 for update last name
 Enter 4 for update mobile number
 Enter 5 for update password
 Enter 6 to Exit
2022-10-12 16:03:21,424 INFO c.i.v.UserView [main] enter mobile number to update
2022-10-12 16:03:36,224 INFO c.i.v.UserView [main] account not updated
2022-10-12 16:03:54,688 INFO c.i.v.UserView [main]   Enter 1 for add user
 Enter 2 for remove user
 Enter 3 for display the user
 Enter 4 for update the user
 Enter 5 for search 
2022-10-12 16:08:26,356 INFO c.i.v.UserView [main]  Enter 1 for add user
 Enter 2 for remove user
 Enter 3 for display the user
 Enter 4 for update the user
 Enter 5 for search 
2022-10-12 16:14:46,561 INFO c.i.v.UserView [main] Create the Account Name
2022-10-12 16:14:52,877 INFO c.i.v.UserView [main] Enter the FirstName
2022-10-12 16:16:14,779 INFO c.i.v.UserView [main] Enter the LastName
2022-10-12 16:16:20,348 INFO c.i.v.UserView [main] Enter the Mobile Number
2022-10-12 16:16:26,740 INFO c.i.v.UserView [main] Create the Password
2022-10-12 16:16:36,280 INFO c.i.v.UserView [main] Account created sucessfully
2022-10-12 16:16:38,703 INFO c.i.v.UserView [main]   Enter 1 for add user
 Enter 2 for remove user
 Enter 3 for display the user
 Enter 4 for update the user
 Enter 5 for search 
2022-10-12 16:17:03,612 INFO c.i.v.UserView [main]   Enter 1 for add user
 Enter 2 for remove user
 Enter 3 for display the user
 Enter 4 for update the user
 Enter 5 for search 
2022-10-12 16:17:26,435 INFO c.i.v.UserView [main] enter account name to update
2022-10-12 16:17:35,874 INFO c.i.v.UserView [main]  Enter 1 for update account name
 Enter 2 for update first name
 Enter 3 for update last name
 Enter 4 for update mobile number
 Enter 5 for update password
 Enter 6 to Exit
2022-10-12 16:18:01,940 INFO c.i.v.UserView [main] enter mobile number to update
2022-10-12 16:23:16,065 INFO c.i.v.UserView [main]  Enter 1 for add user
 Enter 2 for remove user
 Enter 3 for display the user
 Enter 4 for update the user
 Enter 5 for search 
2022-10-12 16:23:21,674 INFO c.i.v.UserView [main] Create the Account Name
2022-10-12 16:23:28,380 INFO c.i.v.UserView [main] Enter the FirstName
2022-10-12 16:23:34,305 INFO c.i.v.UserView [main] Enter the LastName
2022-10-12 16:23:51,897 INFO c.i.v.UserView [main] Enter the Mobile Number
2022-10-12 16:23:58,336 INFO c.i.v.UserView [main] Create the Password
2022-10-12 16:24:19,173 INFO c.i.v.UserView [main] Entered wrong format try again
2022-10-12 16:24:19,173 INFO c.i.v.UserView [main] Create the Password
2022-10-12 16:24:32,363 INFO c.i.v.UserView [main] Account created sucessfully
2022-10-12 16:24:39,262 INFO c.i.v.UserView [main]   Enter 1 for add user
 Enter 2 for remove user
 Enter 3 for display the user
 Enter 4 for update the user
 Enter 5 for search 
2022-10-12 16:24:48,772 INFO c.i.v.UserView [main]   Enter 1 for add user
 Enter 2 for remove user
 Enter 3 for display the user
 Enter 4 for update the user
 Enter 5 for search 
2022-10-12 16:25:32,840 INFO c.i.v.UserView [main] enter account name to update
2022-10-12 16:25:39,934 INFO c.i.v.UserView [main]  Enter 1 for update account name
 Enter 2 for update first name
 Enter 3 for update last name
 Enter 4 for update mobile number
 Enter 5 for update password
 Enter 6 to Exit
2022-10-12 16:25:48,592 INFO c.i.v.UserView [main] enter mobile number to update
2022-10-12 16:26:03,357 INFO c.i.v.UserView [main] account not updated
2022-10-12 16:26:40,419 INFO c.i.v.UserView [main]   Enter 1 for add user
 Enter 2 for remove user
 Enter 3 for display the user
 Enter 4 for update the user
 Enter 5 for search 
2022-10-12 22:24:20,034 INFO c.i.v.UserView [main] Create the Account Name
2022-10-12 22:24:27,217 INFO c.i.v.UserView [main] Enter the FirstName
2022-10-12 22:24:33,293 INFO c.i.v.UserView [main] Enter the LastName
2022-10-12 22:24:37,347 INFO c.i.v.UserView [main] Enter the Mobile Number
2022-10-12 22:24:44,176 INFO c.i.v.UserView [main] Create the Password
2022-10-12 22:24:54,777 INFO c.i.v.UserView [main] Account created sucessfully
2022-10-12 22:34:25,128 INFO c.i.v.UserView [main] Create the Account Name
2022-10-12 22:34:31,883 INFO c.i.v.UserView [main] Enter the FirstName
2022-10-12 22:34:35,635 INFO c.i.v.UserView [main] Enter the LastName
2022-10-12 22:34:37,725 INFO c.i.v.UserView [main] Enter the Mobile Number
2022-10-12 22:34:42,092 INFO c.i.v.UserView [main] Create the Password
2022-10-12 22:34:50,627 INFO c.i.v.UserView [main] Account created sucessfully
2022-10-12 22:36:21,308 INFO c.i.v.UserView [main] Create the Account Name
2022-10-12 22:36:26,714 INFO c.i.v.UserView [main] Enter the FirstName
2022-10-12 22:36:28,575 INFO c.i.v.UserView [main] Enter the LastName
2022-10-12 22:36:32,990 INFO c.i.v.UserView [main] Enter the Mobile Number
2022-10-12 22:36:37,385 INFO c.i.v.UserView [main] Create the Password
2022-10-12 22:36:45,131 INFO c.i.v.UserView [main] Account created sucessfully
2022-10-12 22:38:23,057 INFO c.i.v.UserView [main] Enter the account name you want to remove
2022-10-12 22:38:26,995 INFO c.i.v.UserView [main] Enter the password of your account
2022-10-12 22:38:31,523 INFO c.i.v.UserView [main] Entered invalid data
2022-10-13 12:04:20,522 INFO c.i.v.UserView [main] Enter your name
2022-10-13 12:04:31,161 INFO c.i.v.UserView [main] Enter the Mobile Number
2022-10-13 12:04:37,093 INFO c.i.v.UserView [main] Create the Password
2022-10-13 12:14:20,868 INFO c.i.v.UserView [main] Enter your name
2022-10-13 12:14:26,363 INFO c.i.v.UserView [main] Enter the Mobile Number
2022-10-13 12:14:30,801 INFO c.i.v.UserView [main] Create the Password
2022-10-13 12:21:51,173 INFO c.i.v.UserView [main] Enter your name
2022-10-13 12:21:59,673 INFO c.i.v.UserView [main] Enter the Mobile Number
2022-10-13 12:22:05,375 INFO c.i.v.UserView [main] Create the Password
2022-10-13 12:24:09,729 INFO c.i.v.UserView [main] Enter your name
2022-10-13 12:24:13,299 INFO c.i.v.UserView [main] Enter the Mobile Number
2022-10-13 12:24:21,911 INFO c.i.v.UserView [main] Create the Password
2022-10-13 12:26:20,566 INFO c.i.v.UserView [main] Enter your name
2022-10-13 12:26:26,976 INFO c.i.v.UserView [main] Enter the Mobile Number
2022-10-13 12:26:33,976 INFO c.i.v.UserView [main] Create the Password
2022-10-13 12:28:17,052 INFO c.i.v.UserView [main] Enter your name
2022-10-13 12:28:18,773 INFO c.i.v.UserView [main] Enter the Mobile Number
2022-10-13 12:28:22,726 INFO c.i.v.UserView [main] Create the Password
2022-10-13 12:30:10,016 INFO c.i.v.UserView [main] Enter your name
2022-10-13 12:30:38,964 INFO c.i.v.UserView [main] Enter the Mobile Number
2022-10-13 12:30:43,093 INFO c.i.v.UserView [main] Create the Password
2022-10-13 12:33:04,585 INFO c.i.v.UserView [main] Enter your name
2022-10-13 12:33:08,497 INFO c.i.v.UserView [main] Enter the Mobile Number
2022-10-13 12:33:17,803 INFO c.i.v.UserView [main] Create the Password
2022-10-13 12:34:37,529 INFO c.i.v.UserView [main] Enter your name
2022-10-13 12:34:41,529 INFO c.i.v.UserView [main] Enter the Mobile Number
2022-10-13 12:34:51,309 INFO c.i.v.UserView [main] Create the Password
2022-10-13 12:36:41,631 INFO c.i.v.UserView [main] Enter your name
2022-10-13 12:36:46,290 INFO c.i.v.UserView [main] Enter the Mobile Number
2022-10-13 12:36:50,194 INFO c.i.v.UserView [main] Create the Password
2022-10-13 12:39:25,964 INFO c.i.v.UserView [main] Enter your name
2022-10-13 12:39:28,910 INFO c.i.v.UserView [main] Enter the Mobile Number
2022-10-13 12:39:32,966 INFO c.i.v.UserView [main] Create the Password
2022-10-13 12:41:16,206 INFO c.i.v.UserView [main] Enter your name
2022-10-13 12:41:22,954 INFO c.i.v.UserView [main] Enter the Mobile Number
2022-10-13 12:41:33,853 INFO c.i.v.UserView [main] Create the Password
2022-10-13 12:43:04,458 INFO c.i.v.UserView [main] Enter your name
2022-10-13 12:43:07,947 INFO c.i.v.UserView [main] Enter the Mobile Number
2022-10-13 12:43:11,498 INFO c.i.v.UserView [main] Create the Password
2022-10-13 12:46:59,139 INFO c.i.v.UserView [main] Enter your name
2022-10-13 12:47:03,650 INFO c.i.v.UserView [main] Enter the Mobile Number
2022-10-13 12:47:11,360 INFO c.i.v.UserView [main] Create the Password
2022-10-13 12:55:50,727 INFO c.i.v.UserView [main] Enter your name
2022-10-13 12:55:55,393 INFO c.i.v.UserView [main] Enter the Mobile Number
2022-10-13 12:55:59,050 INFO c.i.v.UserView [main] Create the Password
2022-10-13 13:02:09,148 INFO c.i.v.UserView [main] Enter your name
2022-10-13 13:02:15,814 INFO c.i.v.UserView [main] Enter the Mobile Number
2022-10-13 13:02:19,792 INFO c.i.v.UserView [main] Create the Password
2022-10-13 13:06:34,662 INFO c.i.v.UserView [main] Entered wrong format try again
2022-10-13 13:10:16,849 INFO c.i.v.UserView [main] Enter your name
2022-10-13 13:10:21,443 INFO c.i.v.UserView [main] Enter the Mobile Number
2022-10-13 13:10:25,017 INFO c.i.v.UserView [main] Create the Password
2022-10-13 13:12:11,518 INFO c.i.v.UserView [main] Enter your name
2022-10-13 13:12:16,907 INFO c.i.v.UserView [main] Enter the Mobile Number
2022-10-13 13:12:20,555 INFO c.i.v.UserView [main] Create the Password
2022-10-13 13:13:24,669 INFO c.i.v.UserView [main] Enter your name
2022-10-13 13:13:30,736 INFO c.i.v.UserView [main] Enter the Mobile Number
2022-10-13 13:13:34,572 INFO c.i.v.UserView [main] Create the Password
2022-10-13 13:15:11,769 INFO c.i.v.UserView [main] Entered wrong format try again
2022-10-13 13:15:17,861 INFO c.i.v.UserView [main] Enter your name
2022-10-13 13:15:22,396 INFO c.i.v.UserView [main] Enter the Mobile Number
2022-10-13 13:15:25,977 INFO c.i.v.UserView [main] Create the Password
